<ns0:test-suite xmlns:ns0="urn:model.allure.qatools.yandex.ru" start="1560493265589" stop="1560493265683">
  <name>scripts</name>
  <labels/>
  <test-cases>
    <test-case start="1560493265589" status="failed" stop="1560493265620">
      <name>E:\jenkins\scripts.test_login.TestLogin.test_login_001</name>
      <failure>
        <message>AssertionError: assert 0</message>
        <stack-trace>self = &lt;scripts.test_login.TestLogin object at 0x0000000003754F28&gt;

    def test_login_001(self):
&gt;       assert 0
E       assert 0

scripts\test_login.py:3: AssertionError</stack-trace>
      </failure>
      <attachments/>
      <labels>
        <label name="severity" value="normal"/>
        <label name="thread" value="11452-MainThread"/>
        <label name="host" value="Owner-PC"/>
        <label name="framework" value="pytest"/>
        <label name="language" value="cpython3"/>
      </labels>
      <steps/>
    </test-case>
    <test-case start="1560493265683" status="failed" stop="1560493265683">
      <name>E:\jenkins\scripts.test_login.TestLogin.test_login_002</name>
      <failure>
        <message>AssertionError: assert 0</message>
        <stack-trace>self = &lt;scripts.test_login.TestLogin object at 0x000000000376FF98&gt;

    def test_login_002(self):
&gt;       assert 0
E       assert 0

scripts\test_login.py:5: AssertionError</stack-trace>
      </failure>
      <attachments/>
      <labels>
        <label name="severity" value="normal"/>
        <label name="thread" value="11452-MainThread"/>
        <label name="host" value="Owner-PC"/>
        <label name="framework" value="pytest"/>
        <label name="language" value="cpython3"/>
      </labels>
      <steps/>
    </test-case>
    <test-case start="1560493265683" status="passed" stop="1560493265683">
      <name>E:\jenkins\scripts.test_login.TestLogin.test_login_003</name>
      <attachments/>
      <labels>
        <label name="severity" value="normal"/>
        <label name="thread" value="11452-MainThread"/>
        <label name="host" value="Owner-PC"/>
        <label name="framework" value="pytest"/>
        <label name="language" value="cpython3"/>
      </labels>
      <steps/>
    </test-case>
  </test-cases>
</ns0:test-suite>
